<?xml version="1.0" encoding="UTF-8"?>
<testng-results ignored="0" total="5" passed="4" failed="1" skipped="0">
  <reporter-output>
  </reporter-output>
  <suite started-at="2024-07-25T22:07:07 IST" name="Default suite" finished-at="2024-07-25T22:07:23 IST" duration-ms="15489">
    <groups>
    </groups>
    <test started-at="2024-07-25T22:07:07 IST" name="Default test" finished-at="2024-07-25T22:07:23 IST" duration-ms="15489">
      <class name="tests.Login">
        <test-method is-config="true" signature="setUp()[pri:0, instance:tests.Login@543295b0]" started-at="2024-07-25T22:07:07 IST" name="setUp" finished-at="2024-07-25T22:07:10 IST" duration-ms="2739" status="PASS">
          <reporter-output>
          </reporter-output>
        </test-method> <!-- setUp -->
        <test-method signature="loginWithValidDetails()[pri:1, instance:tests.Login@543295b0]" started-at="2024-07-25T22:07:10 IST" name="loginWithValidDetails" finished-at="2024-07-25T22:07:10 IST" duration-ms="559" status="FAIL">
          <exception class="java.lang.NullPointerException">
            <message>
              <![CDATA[Cannot invoke "pageobjects.MyAccountPage.loggedInStatus()" because "this.myAccountPage" is null]]>
            </message>
            <full-stacktrace>
              <![CDATA[java.lang.NullPointerException: Cannot invoke "pageobjects.MyAccountPage.loggedInStatus()" because "this.myAccountPage" is null
at tests.Login.loginWithValidDetails(Login.java:62)
at java.base/jdk.internal.reflect.DirectMethodHandleAccessor.invoke(DirectMethodHandleAccessor.java:103)
at java.base/java.lang.reflect.Method.invoke(Method.java:580)
at org.testng.internal.invokers.MethodInvocationHelper.invokeMethod(MethodInvocationHelper.java:141)
at org.testng.internal.invokers.TestInvoker.invokeMethod(TestInvoker.java:686)
at org.testng.internal.invokers.TestInvoker.invokeTestMethod(TestInvoker.java:230)
at org.testng.internal.invokers.MethodRunner.runInSequence(MethodRunner.java:63)
at org.testng.internal.invokers.TestInvoker$MethodInvocationAgent.invoke(TestInvoker.java:992)
at org.testng.internal.invokers.TestInvoker.invokeTestMethods(TestInvoker.java:203)
at org.testng.internal.invokers.TestMethodWorker.invokeTestMethods(TestMethodWorker.java:154)
at org.testng.internal.invokers.TestMethodWorker.run(TestMethodWorker.java:134)
at java.base/java.util.ArrayList.forEach(ArrayList.java:1597)
at org.testng.TestRunner.privateRun(TestRunner.java:739)
at org.testng.TestRunner.run(TestRunner.java:614)
at org.testng.SuiteRunner.runTest(SuiteRunner.java:421)
at org.testng.SuiteRunner.runSequentially(SuiteRunner.java:413)
at org.testng.SuiteRunner.privateRun(SuiteRunner.java:373)
at org.testng.SuiteRunner.run(SuiteRunner.java:312)
at org.testng.SuiteRunnerWorker.runSuite(SuiteRunnerWorker.java:52)
at org.testng.SuiteRunnerWorker.run(SuiteRunnerWorker.java:95)
at org.testng.TestNG.runSuitesSequentially(TestNG.java:1274)
at org.testng.TestNG.runSuitesLocally(TestNG.java:1208)
at org.testng.TestNG.runSuites(TestNG.java:1112)
at org.testng.TestNG.run(TestNG.java:1079)
at org.testng.remote.AbstractRemoteTestNG.run(AbstractRemoteTestNG.java:115)
at org.testng.remote.RemoteTestNG.initAndRun(RemoteTestNG.java:293)
at org.testng.remote.RemoteTestNG.main(RemoteTestNG.java:91)
]]>
            </full-stacktrace>
          </exception> <!-- java.lang.NullPointerException -->
          <reporter-output>
          </reporter-output>
        </test-method> <!-- loginWithValidDetails -->
        <test-method is-config="true" signature="tearDown()[pri:0, instance:tests.Login@543295b0]" started-at="2024-07-25T22:07:10 IST" name="tearDown" finished-at="2024-07-25T22:07:11 IST" duration-ms="159" status="PASS">
          <reporter-output>
          </reporter-output>
        </test-method> <!-- tearDown -->
        <test-method is-config="true" signature="setUp()[pri:0, instance:tests.Login@543295b0]" started-at="2024-07-25T22:07:11 IST" name="setUp" finished-at="2024-07-25T22:07:13 IST" duration-ms="2140" status="PASS">
          <reporter-output>
          </reporter-output>
        </test-method> <!-- setUp -->
        <test-method signature="loginWithInvalidDetails()[pri:2, instance:tests.Login@543295b0]" started-at="2024-07-25T22:07:13 IST" name="loginWithInvalidDetails" finished-at="2024-07-25T22:07:13 IST" duration-ms="597" status="PASS">
          <reporter-output>
          </reporter-output>
        </test-method> <!-- loginWithInvalidDetails -->
        <test-method is-config="true" signature="tearDown()[pri:0, instance:tests.Login@543295b0]" started-at="2024-07-25T22:07:13 IST" name="tearDown" finished-at="2024-07-25T22:07:13 IST" duration-ms="143" status="PASS">
          <reporter-output>
          </reporter-output>
        </test-method> <!-- tearDown -->
        <test-method is-config="true" signature="setUp()[pri:0, instance:tests.Login@543295b0]" started-at="2024-07-25T22:07:13 IST" name="setUp" finished-at="2024-07-25T22:07:15 IST" duration-ms="2059" status="PASS">
          <reporter-output>
          </reporter-output>
        </test-method> <!-- setUp -->
        <test-method signature="loginWithInvalidEmailValidPassword()[pri:3, instance:tests.Login@543295b0]" started-at="2024-07-25T22:07:15 IST" name="loginWithInvalidEmailValidPassword" finished-at="2024-07-25T22:07:16 IST" duration-ms="560" status="PASS">
          <reporter-output>
          </reporter-output>
        </test-method> <!-- loginWithInvalidEmailValidPassword -->
        <test-method is-config="true" signature="tearDown()[pri:0, instance:tests.Login@543295b0]" started-at="2024-07-25T22:07:16 IST" name="tearDown" finished-at="2024-07-25T22:07:16 IST" duration-ms="140" status="PASS">
          <reporter-output>
          </reporter-output>
        </test-method> <!-- tearDown -->
        <test-method is-config="true" signature="setUp()[pri:0, instance:tests.Login@543295b0]" started-at="2024-07-25T22:07:16 IST" name="setUp" finished-at="2024-07-25T22:07:19 IST" duration-ms="2659" status="PASS">
          <reporter-output>
          </reporter-output>
        </test-method> <!-- setUp -->
        <test-method signature="loginWithValidEmailInvalidPassword()[pri:4, instance:tests.Login@543295b0]" started-at="2024-07-25T22:07:19 IST" name="loginWithValidEmailInvalidPassword" finished-at="2024-07-25T22:07:20 IST" duration-ms="647" status="PASS">
          <reporter-output>
          </reporter-output>
        </test-method> <!-- loginWithValidEmailInvalidPassword -->
        <test-method is-config="true" signature="tearDown()[pri:0, instance:tests.Login@543295b0]" started-at="2024-07-25T22:07:20 IST" name="tearDown" finished-at="2024-07-25T22:07:20 IST" duration-ms="187" status="PASS">
          <reporter-output>
          </reporter-output>
        </test-method> <!-- tearDown -->
        <test-method is-config="true" signature="setUp()[pri:0, instance:tests.Login@543295b0]" started-at="2024-07-25T22:07:20 IST" name="setUp" finished-at="2024-07-25T22:07:22 IST" duration-ms="2216" status="PASS">
          <reporter-output>
          </reporter-output>
        </test-method> <!-- setUp -->
        <test-method signature="loginWithNoDetails()[pri:5, instance:tests.Login@543295b0]" started-at="2024-07-25T22:07:22 IST" name="loginWithNoDetails" finished-at="2024-07-25T22:07:22 IST" duration-ms="441" status="PASS">
          <reporter-output>
          </reporter-output>
        </test-method> <!-- loginWithNoDetails -->
        <test-method is-config="true" signature="tearDown()[pri:0, instance:tests.Login@543295b0]" started-at="2024-07-25T22:07:22 IST" name="tearDown" finished-at="2024-07-25T22:07:23 IST" duration-ms="187" status="PASS">
          <reporter-output>
          </reporter-output>
        </test-method> <!-- tearDown -->
      </class> <!-- tests.Login -->
    </test> <!-- Default test -->
  </suite> <!-- Default suite -->
</testng-results>
